2023-06-20 13:12:01,702{GMT}	INFO	[jepsen test runner] jepsen.core: Command line:
lein run test -w echo --bin target/debug/rustengan count 1 --time-limit 10
2023-06-20 13:12:01,739{GMT}	INFO	[jepsen test runner] jepsen.core: Running test:
{:args ["count" "1"]
 :remote
 #jepsen.control.retry.Remote{:remote #jepsen.control.scp.Remote{:cmd-remote #jepsen.control.sshj.SSHJRemote{:concurrency-limit 6,
                                                                                                             :conn-spec nil,
                                                                                                             :client nil,
                                                                                                             :semaphore nil},
                                                                 :conn-spec nil},
                              :conn nil}
 :log-net-send false
 :node-count nil
 :availability nil
 :max-txn-length 4
 :concurrency 5
 :db
 #object[maelstrom.db$db$reify__16142
         "0x6044311a"
         "maelstrom.db$db$reify__16142@6044311a"]
 :max-writes-per-key 16
 :leave-db-running? false
 :name "echo"
 :logging-json? false
 :start-time
 #object[org.joda.time.DateTime "0x7416b560" "2023-06-20T13:12:01.681-05:00"]
 :nemesis-interval 10
 :net
 #object[maelstrom.net$jepsen_net$reify__15251
         "0x53d782b0"
         "maelstrom.net$jepsen_net$reify__15251@53d782b0"]
 :client
 #object[maelstrom.workload.echo$client$reify__16863
         "0xf4deb35"
         "maelstrom.workload.echo$client$reify__16863@f4deb35"]
 :barrier
 #object[java.util.concurrent.CyclicBarrier
         "0x4ec0c727"
         "java.util.concurrent.CyclicBarrier@4ec0c727"]
 :log-stderr false
 :pure-generators true
 :ssh {:dummy? true}
 :rate 5
 :checker
 #object[jepsen.checker$compose$reify__11881
         "0xfbcc62a"
         "jepsen.checker$compose$reify__11881@fbcc62a"]
 :argv
 ("test"
  "-w"
  "echo"
  "--bin"
  "target/debug/rustengan"
  "count"
  "1"
  "--time-limit"
  "10")
 :nemesis
 (jepsen.nemesis.ReflCompose
  {:fm {:start-partition 0,
        :stop-partition 0,
        :kill 1,
        :start 1,
        :pause 1,
        :resume 1},
   :nemeses [#unprintable "jepsen.nemesis.combined$partition_nemesis$reify__16416@6011176f"
             #unprintable "jepsen.nemesis.combined$db_nemesis$reify__16397@655c1b"]})
 :nodes ["n1" "n2" "n3" "n4" "n5"]
 :test-count 1
 :latency {:mean 0, :dist :constant}
 :bin "target/debug/rustengan"
 :generator
 (jepsen.generator.TimeLimit
  {:limit 10000000000,
   :cutoff nil,
   :gen (jepsen.generator.Any
         {:gens [(jepsen.generator.OnThreads
                  {:f #{:nemesis},
                   :context-filter #object[jepsen.generator.context$make_thread_filter$lazy_filter__9167
                                           "0x2bd24c09"
                                           "jepsen.generator.context$make_thread_filter$lazy_filter__9167@2bd24c09"],
                   :gen nil})
                 (jepsen.generator.OnThreads
                  {:f #jepsen.generator.context.AllBut{:element :nemesis},
                   :context-filter #object[jepsen.generator.context$make_thread_filter$lazy_filter__9167
                                           "0x3e6b8b27"
                                           "jepsen.generator.context$make_thread_filter$lazy_filter__9167@3e6b8b27"],
                   :gen (jepsen.generator.Stagger
                         {:dt 400000000,
                          :next-time nil,
                          :gen (jepsen.generator.EachThread
                                {:fresh-gen #object[maelstrom.workload.echo$workload$fn__16882
                                                    "0x7e199cec"
                                                    "maelstrom.workload.echo$workload$fn__16882@7e199cec"],
                                 :context-filters #object[clojure.core$promise$reify__8591
                                                          "0x5d965dbd"
                                                          {:status :pending,
                                                           :val nil}],
                                 :gens {}})})})]})})
 :log-net-recv false
 :os
 #object[maelstrom.net$jepsen_os$reify__15254
         "0x649df002"
         "maelstrom.net$jepsen_os$reify__15254@649df002"]
 :time-limit 10
 :workload :echo
 :consistency-models [:strict-serializable]
 :topology :grid}

2023-06-20 13:12:02,668{GMT}	INFO	[jepsen node n1] maelstrom.net: Starting Maelstrom network
2023-06-20 13:12:02,669{GMT}	INFO	[jepsen test runner] jepsen.db: Tearing down DB
2023-06-20 13:12:02,670{GMT}	INFO	[jepsen test runner] jepsen.db: Setting up DB
2023-06-20 13:12:02,671{GMT}	INFO	[jepsen node n4] maelstrom.db: Setting up n4
2023-06-20 13:12:02,671{GMT}	INFO	[jepsen node n2] maelstrom.db: Setting up n2
2023-06-20 13:12:02,671{GMT}	INFO	[jepsen node n5] maelstrom.db: Setting up n5
2023-06-20 13:12:02,671{GMT}	INFO	[jepsen node n3] maelstrom.db: Setting up n3
2023-06-20 13:12:02,672{GMT}	INFO	[jepsen node n2] maelstrom.process: launching target/debug/rustengan ["count" "1"]
2023-06-20 13:12:02,672{GMT}	INFO	[jepsen node n4] maelstrom.process: launching target/debug/rustengan ["count" "1"]
2023-06-20 13:12:02,672{GMT}	INFO	[jepsen node n3] maelstrom.process: launching target/debug/rustengan ["count" "1"]
2023-06-20 13:12:02,672{GMT}	INFO	[jepsen node n5] maelstrom.process: launching target/debug/rustengan ["count" "1"]
2023-06-20 13:12:02,672{GMT}	INFO	[jepsen node n1] maelstrom.service: Starting services: (lin-kv lin-tso lww-kv seq-kv)
2023-06-20 13:12:02,673{GMT}	INFO	[jepsen node n1] maelstrom.db: Setting up n1
2023-06-20 13:12:02,674{GMT}	INFO	[jepsen node n1] maelstrom.process: launching target/debug/rustengan ["count" "1"]
2023-06-20 13:12:12,701{GMT}	INFO	[jepsen node n1] maelstrom.db: Tearing down n1
2023-06-20 13:12:12,701{GMT}	INFO	[jepsen node n3] maelstrom.db: Tearing down n3
2023-06-20 13:12:12,701{GMT}	INFO	[jepsen node n2] maelstrom.db: Tearing down n2
2023-06-20 13:12:12,702{GMT}	INFO	[jepsen node n4] maelstrom.db: Tearing down n4
2023-06-20 13:12:12,702{GMT}	INFO	[jepsen node n5] maelstrom.db: Tearing down n5
2023-06-20 13:12:13,707{GMT}	INFO	[jepsen node n1] maelstrom.net: Shutting down Maelstrom network
2023-06-20 13:12:13,712{GMT}	WARN	[jepsen test runner] jepsen.core: Test crashed!
clojure.lang.ExceptionInfo: Node n5 crashed with exit status 1. Before crashing, it wrote to STDOUT:



And to STDERR:

Error: Maelstrom input from STDIN could not be deserialized

Caused by:
    missing field `type` at line 1 column 118

Full STDERR logs are available in /Users/eliasmoreno/work/Eliascm17/rustengan/store/echo/20230620T131201.681-0500/node-logs/n5.log
	at slingshot.support$stack_trace.invoke(support.clj:201)
	at maelstrom.process$stop_node_BANG_.invokeStatic(process.clj:239)
	at maelstrom.process$stop_node_BANG_.invoke(process.clj:217)
	at maelstrom.db$db$reify__16142.teardown_BANG_(db.clj:75)
	at jepsen.db$fn__8744$G__8725__8748.invoke(db.clj:12)
	at jepsen.db$fn__8744$G__8724__8753.invoke(db.clj:12)
	at clojure.core$partial$fn__5908.invoke(core.clj:2642)
	at jepsen.control$on_nodes$fn__8599.invoke(control.clj:314)
	at clojure.lang.AFn.applyToHelper(AFn.java:154)
	at clojure.lang.AFn.applyTo(AFn.java:144)
	at clojure.core$apply.invokeStatic(core.clj:667)
	at clojure.core$with_bindings_STAR_.invokeStatic(core.clj:1990)
	at clojure.core$with_bindings_STAR_.doInvoke(core.clj:1990)
	at clojure.lang.RestFn.applyTo(RestFn.java:142)
	at clojure.core$apply.invokeStatic(core.clj:671)
	at clojure.core$bound_fn_STAR_$fn__5818.doInvoke(core.clj:2020)
	at clojure.lang.RestFn.invoke(RestFn.java:408)
	at dom_top.core$real_pmap_helper$build_thread__211$fn__212.invoke(core.clj:163)
	at clojure.lang.AFn.applyToHelper(AFn.java:152)
	at clojure.lang.AFn.applyTo(AFn.java:144)
	at clojure.core$apply.invokeStatic(core.clj:667)
	at clojure.core$with_bindings_STAR_.invokeStatic(core.clj:1990)
	at clojure.core$with_bindings_STAR_.doInvoke(core.clj:1990)
	at clojure.lang.RestFn.invoke(RestFn.java:425)
	at clojure.lang.AFn.applyToHelper(AFn.java:156)
	at clojure.lang.RestFn.applyTo(RestFn.java:132)
	at clojure.core$apply.invokeStatic(core.clj:671)
	at clojure.core$bound_fn_STAR_$fn__5818.doInvoke(core.clj:2020)
	at clojure.lang.RestFn.invoke(RestFn.java:397)
	at clojure.lang.AFn.run(AFn.java:22)
	at java.base/java.lang.Thread.run(Thread.java:834)
