2023-06-20 13:25:13,163{GMT}	INFO	[jepsen test runner] jepsen.core: Command line:
lein run test -w echo --bin target/debug/rustengan count 1 --time-limit 10
2023-06-20 13:25:13,203{GMT}	INFO	[jepsen test runner] jepsen.core: Running test:
{:args ["count" "1"]
 :remote
 #jepsen.control.retry.Remote{:remote #jepsen.control.scp.Remote{:cmd-remote #jepsen.control.sshj.SSHJRemote{:concurrency-limit 6,
                                                                                                             :conn-spec nil,
                                                                                                             :client nil,
                                                                                                             :semaphore nil},
                                                                 :conn-spec nil},
                              :conn nil}
 :log-net-send false
 :node-count nil
 :availability nil
 :max-txn-length 4
 :concurrency 5
 :db
 #object[maelstrom.db$db$reify__16142
         "0x7416b560"
         "maelstrom.db$db$reify__16142@7416b560"]
 :max-writes-per-key 16
 :leave-db-running? false
 :name "echo"
 :logging-json? false
 :start-time
 #object[org.joda.time.DateTime "0x53d782b0" "2023-06-20T13:25:13.144-05:00"]
 :nemesis-interval 10
 :net
 #object[maelstrom.net$jepsen_net$reify__15251
         "0xf4deb35"
         "maelstrom.net$jepsen_net$reify__15251@f4deb35"]
 :client
 #object[maelstrom.workload.echo$client$reify__16863
         "0x4ec0c727"
         "maelstrom.workload.echo$client$reify__16863@4ec0c727"]
 :barrier
 #object[java.util.concurrent.CyclicBarrier
         "0xfbcc62a"
         "java.util.concurrent.CyclicBarrier@fbcc62a"]
 :log-stderr false
 :pure-generators true
 :ssh {:dummy? true}
 :rate 5
 :checker
 #object[jepsen.checker$compose$reify__11881
         "0x6011176f"
         "jepsen.checker$compose$reify__11881@6011176f"]
 :argv
 ("test"
  "-w"
  "echo"
  "--bin"
  "target/debug/rustengan"
  "count"
  "1"
  "--time-limit"
  "10")
 :nemesis
 (jepsen.nemesis.ReflCompose
  {:fm {:start-partition 0,
        :stop-partition 0,
        :kill 1,
        :start 1,
        :pause 1,
        :resume 1},
   :nemeses [#unprintable "jepsen.nemesis.combined$partition_nemesis$reify__16416@655c1b"
             #unprintable "jepsen.nemesis.combined$db_nemesis$reify__16397@48d44acf"]})
 :nodes ["n1" "n2" "n3" "n4" "n5"]
 :test-count 1
 :latency {:mean 0, :dist :constant}
 :bin "target/debug/rustengan"
 :generator
 (jepsen.generator.TimeLimit
  {:limit 10000000000,
   :cutoff nil,
   :gen (jepsen.generator.Any
         {:gens [(jepsen.generator.OnThreads
                  {:f #{:nemesis},
                   :context-filter #object[jepsen.generator.context$make_thread_filter$lazy_filter__9167
                                           "0x3e6b8b27"
                                           "jepsen.generator.context$make_thread_filter$lazy_filter__9167@3e6b8b27"],
                   :gen nil})
                 (jepsen.generator.OnThreads
                  {:f #jepsen.generator.context.AllBut{:element :nemesis},
                   :context-filter #object[jepsen.generator.context$make_thread_filter$lazy_filter__9167
                                           "0x7e199cec"
                                           "jepsen.generator.context$make_thread_filter$lazy_filter__9167@7e199cec"],
                   :gen (jepsen.generator.Stagger
                         {:dt 400000000,
                          :next-time nil,
                          :gen (jepsen.generator.EachThread
                                {:fresh-gen #object[maelstrom.workload.echo$workload$fn__16882
                                                    "0x5d965dbd"
                                                    "maelstrom.workload.echo$workload$fn__16882@5d965dbd"],
                                 :context-filters #object[clojure.core$promise$reify__8591
                                                          "0x649df002"
                                                          {:status :pending,
                                                           :val nil}],
                                 :gens {}})})})]})})
 :log-net-recv false
 :os
 #object[maelstrom.net$jepsen_os$reify__15254
         "0x6cd7d05"
         "maelstrom.net$jepsen_os$reify__15254@6cd7d05"]
 :time-limit 10
 :workload :echo
 :consistency-models [:strict-serializable]
 :topology :grid}

2023-06-20 13:25:14,151{GMT}	INFO	[jepsen node n1] maelstrom.net: Starting Maelstrom network
2023-06-20 13:25:14,152{GMT}	INFO	[jepsen test runner] jepsen.db: Tearing down DB
2023-06-20 13:25:14,153{GMT}	INFO	[jepsen test runner] jepsen.db: Setting up DB
2023-06-20 13:25:14,154{GMT}	INFO	[jepsen node n5] maelstrom.db: Setting up n5
2023-06-20 13:25:14,154{GMT}	INFO	[jepsen node n4] maelstrom.db: Setting up n4
2023-06-20 13:25:14,154{GMT}	INFO	[jepsen node n2] maelstrom.db: Setting up n2
2023-06-20 13:25:14,154{GMT}	INFO	[jepsen node n3] maelstrom.db: Setting up n3
2023-06-20 13:25:14,155{GMT}	INFO	[jepsen node n4] maelstrom.process: launching target/debug/rustengan ["count" "1"]
2023-06-20 13:25:14,155{GMT}	INFO	[jepsen node n5] maelstrom.process: launching target/debug/rustengan ["count" "1"]
2023-06-20 13:25:14,155{GMT}	INFO	[jepsen node n2] maelstrom.process: launching target/debug/rustengan ["count" "1"]
2023-06-20 13:25:14,155{GMT}	INFO	[jepsen node n3] maelstrom.process: launching target/debug/rustengan ["count" "1"]
2023-06-20 13:25:14,155{GMT}	INFO	[jepsen node n1] maelstrom.service: Starting services: (lin-kv lin-tso lww-kv seq-kv)
2023-06-20 13:25:14,157{GMT}	INFO	[jepsen node n1] maelstrom.db: Setting up n1
2023-06-20 13:25:14,157{GMT}	INFO	[jepsen node n1] maelstrom.process: launching target/debug/rustengan ["count" "1"]
2023-06-20 13:25:14,304{GMT}	INFO	[jepsen test runner] jepsen.core: Relative time begins now
2023-06-20 13:25:14,316{GMT}	INFO	[jepsen worker 3] jepsen.util: 3	:invoke	:echo	"Please echo 92"
2023-06-20 13:25:14,320{GMT}	INFO	[jepsen worker 3] jepsen.util: 3	:ok	:echo	{:msg_id 1, :in_reply_to 1, :type "echo_ok", :echo "Please echo 92"}
2023-06-20 13:25:14,337{GMT}	INFO	[jepsen worker 1] jepsen.util: 1	:invoke	:echo	"Please echo 22"
2023-06-20 13:25:14,338{GMT}	INFO	[jepsen worker 1] jepsen.util: 1	:ok	:echo	{:msg_id 1, :in_reply_to 1, :type "echo_ok", :echo "Please echo 22"}
2023-06-20 13:25:14,653{GMT}	INFO	[jepsen worker 4] jepsen.util: 4	:invoke	:echo	"Please echo 103"
2023-06-20 13:25:14,659{GMT}	INFO	[jepsen worker 4] jepsen.util: 4	:ok	:echo	{:msg_id 1, :in_reply_to 1, :type "echo_ok", :echo "Please echo 103"}
2023-06-20 13:25:14,837{GMT}	INFO	[jepsen worker 4] jepsen.util: 4	:invoke	:echo	"Please echo 62"
2023-06-20 13:25:14,840{GMT}	INFO	[jepsen worker 4] jepsen.util: 4	:ok	:echo	{:msg_id 2, :in_reply_to 2, :type "echo_ok", :echo "Please echo 62"}
2023-06-20 13:25:15,152{GMT}	INFO	[jepsen worker 1] jepsen.util: 1	:invoke	:echo	"Please echo 114"
2023-06-20 13:25:15,154{GMT}	INFO	[jepsen worker 1] jepsen.util: 1	:ok	:echo	{:msg_id 2, :in_reply_to 2, :type "echo_ok", :echo "Please echo 114"}
2023-06-20 13:25:15,236{GMT}	INFO	[jepsen worker 2] jepsen.util: 2	:invoke	:echo	"Please echo 25"
2023-06-20 13:25:15,241{GMT}	INFO	[jepsen worker 2] jepsen.util: 2	:ok	:echo	{:msg_id 1, :in_reply_to 1, :type "echo_ok", :echo "Please echo 25"}
2023-06-20 13:25:15,499{GMT}	INFO	[jepsen worker 1] jepsen.util: 1	:invoke	:echo	"Please echo 43"
2023-06-20 13:25:15,503{GMT}	INFO	[jepsen worker 1] jepsen.util: 1	:ok	:echo	{:msg_id 3, :in_reply_to 3, :type "echo_ok", :echo "Please echo 43"}
2023-06-20 13:25:15,757{GMT}	INFO	[jepsen worker 0] jepsen.util: 0	:invoke	:echo	"Please echo 2"
2023-06-20 13:25:15,760{GMT}	INFO	[jepsen worker 0] jepsen.util: 0	:ok	:echo	{:msg_id 1, :in_reply_to 1, :type "echo_ok", :echo "Please echo 2"}
2023-06-20 13:25:15,930{GMT}	INFO	[jepsen worker 3] jepsen.util: 3	:invoke	:echo	"Please echo 54"
2023-06-20 13:25:15,934{GMT}	INFO	[jepsen worker 3] jepsen.util: 3	:ok	:echo	{:msg_id 2, :in_reply_to 2, :type "echo_ok", :echo "Please echo 54"}
2023-06-20 13:25:16,092{GMT}	INFO	[jepsen worker 0] jepsen.util: 0	:invoke	:echo	"Please echo 125"
2023-06-20 13:25:16,094{GMT}	INFO	[jepsen worker 0] jepsen.util: 0	:ok	:echo	{:msg_id 2, :in_reply_to 2, :type "echo_ok", :echo "Please echo 125"}
2023-06-20 13:25:16,429{GMT}	INFO	[jepsen worker 1] jepsen.util: 1	:invoke	:echo	"Please echo 115"
2023-06-20 13:25:16,432{GMT}	INFO	[jepsen worker 1] jepsen.util: 1	:ok	:echo	{:msg_id 4, :in_reply_to 4, :type "echo_ok", :echo "Please echo 115"}
2023-06-20 13:25:16,617{GMT}	INFO	[jepsen worker 3] jepsen.util: 3	:invoke	:echo	"Please echo 101"
2023-06-20 13:25:16,621{GMT}	INFO	[jepsen worker 3] jepsen.util: 3	:ok	:echo	{:msg_id 3, :in_reply_to 3, :type "echo_ok", :echo "Please echo 101"}
2023-06-20 13:25:16,711{GMT}	INFO	[jepsen worker 1] jepsen.util: 1	:invoke	:echo	"Please echo 115"
2023-06-20 13:25:16,713{GMT}	INFO	[jepsen worker 1] jepsen.util: 1	:ok	:echo	{:msg_id 5, :in_reply_to 5, :type "echo_ok", :echo "Please echo 115"}
2023-06-20 13:25:17,015{GMT}	INFO	[jepsen worker 4] jepsen.util: 4	:invoke	:echo	"Please echo 69"
2023-06-20 13:25:17,019{GMT}	INFO	[jepsen worker 4] jepsen.util: 4	:ok	:echo	{:msg_id 3, :in_reply_to 3, :type "echo_ok", :echo "Please echo 69"}
2023-06-20 13:25:17,079{GMT}	INFO	[jepsen worker 2] jepsen.util: 2	:invoke	:echo	"Please echo 54"
2023-06-20 13:25:17,083{GMT}	INFO	[jepsen worker 2] jepsen.util: 2	:ok	:echo	{:msg_id 2, :in_reply_to 2, :type "echo_ok", :echo "Please echo 54"}
2023-06-20 13:25:17,121{GMT}	INFO	[jepsen worker 4] jepsen.util: 4	:invoke	:echo	"Please echo 44"
2023-06-20 13:25:17,124{GMT}	INFO	[jepsen worker 4] jepsen.util: 4	:ok	:echo	{:msg_id 4, :in_reply_to 4, :type "echo_ok", :echo "Please echo 44"}
2023-06-20 13:25:17,485{GMT}	INFO	[jepsen worker 4] jepsen.util: 4	:invoke	:echo	"Please echo 50"
2023-06-20 13:25:17,488{GMT}	INFO	[jepsen worker 4] jepsen.util: 4	:ok	:echo	{:msg_id 5, :in_reply_to 5, :type "echo_ok", :echo "Please echo 50"}
2023-06-20 13:25:17,531{GMT}	INFO	[jepsen worker 0] jepsen.util: 0	:invoke	:echo	"Please echo 85"
2023-06-20 13:25:17,533{GMT}	INFO	[jepsen worker 0] jepsen.util: 0	:ok	:echo	{:msg_id 3, :in_reply_to 3, :type "echo_ok", :echo "Please echo 85"}
2023-06-20 13:25:17,734{GMT}	INFO	[jepsen worker 2] jepsen.util: 2	:invoke	:echo	"Please echo 123"
2023-06-20 13:25:17,736{GMT}	INFO	[jepsen worker 2] jepsen.util: 2	:ok	:echo	{:msg_id 3, :in_reply_to 3, :type "echo_ok", :echo "Please echo 123"}
2023-06-20 13:25:17,936{GMT}	INFO	[jepsen worker 1] jepsen.util: 1	:invoke	:echo	"Please echo 4"
2023-06-20 13:25:17,938{GMT}	INFO	[jepsen worker 1] jepsen.util: 1	:ok	:echo	{:msg_id 6, :in_reply_to 6, :type "echo_ok", :echo "Please echo 4"}
2023-06-20 13:25:18,004{GMT}	INFO	[jepsen worker 1] jepsen.util: 1	:invoke	:echo	"Please echo 40"
2023-06-20 13:25:18,007{GMT}	INFO	[jepsen worker 1] jepsen.util: 1	:ok	:echo	{:msg_id 7, :in_reply_to 7, :type "echo_ok", :echo "Please echo 40"}
2023-06-20 13:25:18,148{GMT}	INFO	[jepsen worker 1] jepsen.util: 1	:invoke	:echo	"Please echo 43"
2023-06-20 13:25:18,152{GMT}	INFO	[jepsen worker 1] jepsen.util: 1	:ok	:echo	{:msg_id 8, :in_reply_to 8, :type "echo_ok", :echo "Please echo 43"}
2023-06-20 13:25:18,289{GMT}	INFO	[jepsen worker 4] jepsen.util: 4	:invoke	:echo	"Please echo 103"
2023-06-20 13:25:18,294{GMT}	INFO	[jepsen worker 4] jepsen.util: 4	:ok	:echo	{:msg_id 6, :in_reply_to 6, :type "echo_ok", :echo "Please echo 103"}
2023-06-20 13:25:18,311{GMT}	INFO	[jepsen worker 4] jepsen.util: 4	:invoke	:echo	"Please echo 65"
2023-06-20 13:25:18,312{GMT}	INFO	[jepsen worker 4] jepsen.util: 4	:ok	:echo	{:msg_id 7, :in_reply_to 7, :type "echo_ok", :echo "Please echo 65"}
2023-06-20 13:25:18,545{GMT}	INFO	[jepsen worker 2] jepsen.util: 2	:invoke	:echo	"Please echo 14"
2023-06-20 13:25:18,549{GMT}	INFO	[jepsen worker 2] jepsen.util: 2	:ok	:echo	{:msg_id 4, :in_reply_to 4, :type "echo_ok", :echo "Please echo 14"}
2023-06-20 13:25:18,893{GMT}	INFO	[jepsen worker 3] jepsen.util: 3	:invoke	:echo	"Please echo 123"
2023-06-20 13:25:18,897{GMT}	INFO	[jepsen worker 3] jepsen.util: 3	:ok	:echo	{:msg_id 4, :in_reply_to 4, :type "echo_ok", :echo "Please echo 123"}
2023-06-20 13:25:19,024{GMT}	INFO	[jepsen worker 4] jepsen.util: 4	:invoke	:echo	"Please echo 41"
2023-06-20 13:25:19,028{GMT}	INFO	[jepsen worker 4] jepsen.util: 4	:ok	:echo	{:msg_id 8, :in_reply_to 8, :type "echo_ok", :echo "Please echo 41"}
2023-06-20 13:25:19,105{GMT}	INFO	[jepsen worker 2] jepsen.util: 2	:invoke	:echo	"Please echo 12"
2023-06-20 13:25:19,108{GMT}	INFO	[jepsen worker 2] jepsen.util: 2	:ok	:echo	{:msg_id 5, :in_reply_to 5, :type "echo_ok", :echo "Please echo 12"}
2023-06-20 13:25:19,319{GMT}	INFO	[jepsen worker 2] jepsen.util: 2	:invoke	:echo	"Please echo 64"
2023-06-20 13:25:19,322{GMT}	INFO	[jepsen worker 2] jepsen.util: 2	:ok	:echo	{:msg_id 6, :in_reply_to 6, :type "echo_ok", :echo "Please echo 64"}
2023-06-20 13:25:19,462{GMT}	INFO	[jepsen worker 3] jepsen.util: 3	:invoke	:echo	"Please echo 84"
2023-06-20 13:25:19,465{GMT}	INFO	[jepsen worker 3] jepsen.util: 3	:ok	:echo	{:msg_id 5, :in_reply_to 5, :type "echo_ok", :echo "Please echo 84"}
2023-06-20 13:25:19,679{GMT}	INFO	[jepsen worker 0] jepsen.util: 0	:invoke	:echo	"Please echo 81"
2023-06-20 13:25:19,681{GMT}	INFO	[jepsen worker 0] jepsen.util: 0	:ok	:echo	{:msg_id 4, :in_reply_to 4, :type "echo_ok", :echo "Please echo 81"}
2023-06-20 13:25:20,020{GMT}	INFO	[jepsen worker 1] jepsen.util: 1	:invoke	:echo	"Please echo 66"
2023-06-20 13:25:20,023{GMT}	INFO	[jepsen worker 1] jepsen.util: 1	:ok	:echo	{:msg_id 9, :in_reply_to 9, :type "echo_ok", :echo "Please echo 66"}
2023-06-20 13:25:20,385{GMT}	INFO	[jepsen worker 0] jepsen.util: 0	:invoke	:echo	"Please echo 41"
2023-06-20 13:25:20,389{GMT}	INFO	[jepsen worker 0] jepsen.util: 0	:ok	:echo	{:msg_id 5, :in_reply_to 5, :type "echo_ok", :echo "Please echo 41"}
2023-06-20 13:25:20,776{GMT}	INFO	[jepsen worker 2] jepsen.util: 2	:invoke	:echo	"Please echo 106"
2023-06-20 13:25:20,779{GMT}	INFO	[jepsen worker 2] jepsen.util: 2	:ok	:echo	{:msg_id 7, :in_reply_to 7, :type "echo_ok", :echo "Please echo 106"}
2023-06-20 13:25:21,066{GMT}	INFO	[jepsen worker 0] jepsen.util: 0	:invoke	:echo	"Please echo 78"
2023-06-20 13:25:21,070{GMT}	INFO	[jepsen worker 0] jepsen.util: 0	:ok	:echo	{:msg_id 6, :in_reply_to 6, :type "echo_ok", :echo "Please echo 78"}
2023-06-20 13:25:21,152{GMT}	INFO	[jepsen worker 0] jepsen.util: 0	:invoke	:echo	"Please echo 66"
2023-06-20 13:25:21,155{GMT}	INFO	[jepsen worker 2] jepsen.util: 2	:invoke	:echo	"Please echo 22"
2023-06-20 13:25:21,156{GMT}	INFO	[jepsen worker 2] jepsen.util: 2	:ok	:echo	{:msg_id 8, :in_reply_to 8, :type "echo_ok", :echo "Please echo 22"}
2023-06-20 13:25:21,156{GMT}	INFO	[jepsen worker 0] jepsen.util: 0	:ok	:echo	{:msg_id 7, :in_reply_to 7, :type "echo_ok", :echo "Please echo 66"}
2023-06-20 13:25:21,265{GMT}	INFO	[jepsen worker 2] jepsen.util: 2	:invoke	:echo	"Please echo 82"
2023-06-20 13:25:21,268{GMT}	INFO	[jepsen worker 2] jepsen.util: 2	:ok	:echo	{:msg_id 9, :in_reply_to 9, :type "echo_ok", :echo "Please echo 82"}
2023-06-20 13:25:21,399{GMT}	INFO	[jepsen worker 2] jepsen.util: 2	:invoke	:echo	"Please echo 106"
2023-06-20 13:25:21,401{GMT}	INFO	[jepsen worker 2] jepsen.util: 2	:ok	:echo	{:msg_id 10, :in_reply_to 10, :type "echo_ok", :echo "Please echo 106"}
2023-06-20 13:25:21,638{GMT}	INFO	[jepsen worker 1] jepsen.util: 1	:invoke	:echo	"Please echo 100"
2023-06-20 13:25:21,643{GMT}	INFO	[jepsen worker 1] jepsen.util: 1	:ok	:echo	{:msg_id 10, :in_reply_to 10, :type "echo_ok", :echo "Please echo 100"}
2023-06-20 13:25:21,829{GMT}	INFO	[jepsen worker 0] jepsen.util: 0	:invoke	:echo	"Please echo 71"
2023-06-20 13:25:21,832{GMT}	INFO	[jepsen worker 0] jepsen.util: 0	:ok	:echo	{:msg_id 8, :in_reply_to 8, :type "echo_ok", :echo "Please echo 71"}
2023-06-20 13:25:21,836{GMT}	INFO	[jepsen worker 0] jepsen.util: 0	:invoke	:echo	"Please echo 123"
2023-06-20 13:25:21,837{GMT}	INFO	[jepsen worker 0] jepsen.util: 0	:ok	:echo	{:msg_id 9, :in_reply_to 9, :type "echo_ok", :echo "Please echo 123"}
2023-06-20 13:25:22,019{GMT}	INFO	[jepsen worker 3] jepsen.util: 3	:invoke	:echo	"Please echo 25"
2023-06-20 13:25:22,020{GMT}	INFO	[jepsen worker 3] jepsen.util: 3	:ok	:echo	{:msg_id 6, :in_reply_to 6, :type "echo_ok", :echo "Please echo 25"}
2023-06-20 13:25:22,033{GMT}	INFO	[jepsen worker 0] jepsen.util: 0	:invoke	:echo	"Please echo 111"
2023-06-20 13:25:22,034{GMT}	INFO	[jepsen worker 0] jepsen.util: 0	:ok	:echo	{:msg_id 10, :in_reply_to 10, :type "echo_ok", :echo "Please echo 111"}
2023-06-20 13:25:22,106{GMT}	INFO	[jepsen worker 1] jepsen.util: 1	:invoke	:echo	"Please echo 112"
2023-06-20 13:25:22,109{GMT}	INFO	[jepsen worker 1] jepsen.util: 1	:ok	:echo	{:msg_id 11, :in_reply_to 11, :type "echo_ok", :echo "Please echo 112"}
2023-06-20 13:25:22,418{GMT}	INFO	[jepsen worker 3] jepsen.util: 3	:invoke	:echo	"Please echo 85"
2023-06-20 13:25:22,421{GMT}	INFO	[jepsen worker 3] jepsen.util: 3	:ok	:echo	{:msg_id 7, :in_reply_to 7, :type "echo_ok", :echo "Please echo 85"}
2023-06-20 13:25:22,458{GMT}	INFO	[jepsen worker 2] jepsen.util: 2	:invoke	:echo	"Please echo 24"
2023-06-20 13:25:22,459{GMT}	INFO	[jepsen worker 2] jepsen.util: 2	:ok	:echo	{:msg_id 11, :in_reply_to 11, :type "echo_ok", :echo "Please echo 24"}
2023-06-20 13:25:22,807{GMT}	INFO	[jepsen worker 1] jepsen.util: 1	:invoke	:echo	"Please echo 103"
2023-06-20 13:25:22,809{GMT}	INFO	[jepsen worker 1] jepsen.util: 1	:ok	:echo	{:msg_id 12, :in_reply_to 12, :type "echo_ok", :echo "Please echo 103"}
2023-06-20 13:25:23,068{GMT}	INFO	[jepsen worker 2] jepsen.util: 2	:invoke	:echo	"Please echo 101"
2023-06-20 13:25:23,073{GMT}	INFO	[jepsen worker 2] jepsen.util: 2	:ok	:echo	{:msg_id 12, :in_reply_to 12, :type "echo_ok", :echo "Please echo 101"}
2023-06-20 13:25:23,247{GMT}	INFO	[jepsen worker 1] jepsen.util: 1	:invoke	:echo	"Please echo 99"
2023-06-20 13:25:23,253{GMT}	INFO	[jepsen worker 1] jepsen.util: 1	:ok	:echo	{:msg_id 13, :in_reply_to 13, :type "echo_ok", :echo "Please echo 99"}
2023-06-20 13:25:23,542{GMT}	INFO	[jepsen worker 3] jepsen.util: 3	:invoke	:echo	"Please echo 76"
2023-06-20 13:25:23,544{GMT}	INFO	[jepsen worker 3] jepsen.util: 3	:ok	:echo	{:msg_id 8, :in_reply_to 8, :type "echo_ok", :echo "Please echo 76"}
2023-06-20 13:25:23,922{GMT}	INFO	[jepsen worker 4] jepsen.util: 4	:invoke	:echo	"Please echo 45"
2023-06-20 13:25:23,927{GMT}	INFO	[jepsen worker 4] jepsen.util: 4	:ok	:echo	{:msg_id 9, :in_reply_to 9, :type "echo_ok", :echo "Please echo 45"}
2023-06-20 13:25:24,267{GMT}	INFO	[jepsen worker 3] jepsen.util: 3	:invoke	:echo	"Please echo 85"
2023-06-20 13:25:24,270{GMT}	INFO	[jepsen worker 3] jepsen.util: 3	:ok	:echo	{:msg_id 9, :in_reply_to 9, :type "echo_ok", :echo "Please echo 85"}
2023-06-20 13:25:24,287{GMT}	INFO	[jepsen test runner] jepsen.core: Run complete, writing
2023-06-20 13:25:24,339{GMT}	INFO	[jepsen node n1] maelstrom.db: Tearing down n1
2023-06-20 13:25:24,339{GMT}	INFO	[jepsen node n3] maelstrom.db: Tearing down n3
2023-06-20 13:25:24,339{GMT}	INFO	[jepsen node n4] maelstrom.db: Tearing down n4
2023-06-20 13:25:24,339{GMT}	INFO	[jepsen node n5] maelstrom.db: Tearing down n5
2023-06-20 13:25:24,339{GMT}	INFO	[jepsen node n2] maelstrom.db: Tearing down n2
2023-06-20 13:25:25,277{GMT}	INFO	[jepsen node n1] maelstrom.net: Shutting down Maelstrom network
2023-06-20 13:25:25,286{GMT}	INFO	[jepsen test runner] jepsen.core: Analyzing...
2023-06-20 13:25:25,318{GMT}	WARN	[clojure-agent-send-off-pool-0] jepsen.checker: Error while checking history:
java.lang.IllegalStateException: Error rendering plot, verify gnuplot is installed and reachable
	at jepsen.checker.perf$plot_BANG_.invokeStatic(perf.clj:489)
	at jepsen.checker.perf$plot_BANG_.invoke(perf.clj:426)
	at jepsen.checker.perf$rate_graph_BANG_.invokeStatic(perf.clj:623)
	at jepsen.checker.perf$rate_graph_BANG_.invoke(perf.clj:568)
	at jepsen.checker$rate_graph$reify__12101.check(checker.clj:843)
	at jepsen.checker$check_safe.invokeStatic(checker.clj:86)
	at jepsen.checker$check_safe.invoke(checker.clj:79)
	at jepsen.checker$compose$reify__11881$fn__11883.invoke(checker.clj:102)
	at clojure.core$pmap$fn__8552$fn__8553.invoke(core.clj:7089)
	at clojure.core$binding_conveyor_fn$fn__5823.invoke(core.clj:2047)
	at clojure.lang.AFn.call(AFn.java:18)
	at java.base/java.util.concurrent.FutureTask.run(FutureTask.java:264)
	at java.base/java.util.concurrent.ThreadPoolExecutor.runWorker(ThreadPoolExecutor.java:1128)
	at java.base/java.util.concurrent.ThreadPoolExecutor$Worker.run(ThreadPoolExecutor.java:628)
	at java.base/java.lang.Thread.run(Thread.java:834)
Caused by: java.io.IOException: Cannot run program "gnuplot": error=2, No such file or directory
	at java.base/java.lang.ProcessBuilder.start(ProcessBuilder.java:1128)
	at java.base/java.lang.ProcessBuilder.start(ProcessBuilder.java:1071)
	at java.base/java.lang.Runtime.exec(Runtime.java:589)
	at clojure.java.shell$sh.invokeStatic(shell.clj:113)
	at clojure.java.shell$sh.doInvoke(shell.clj:79)
	at clojure.lang.RestFn.invoke(RestFn.java:512)
	at gnuplot.core$run_BANG_.invokeStatic(core.clj:76)
	at gnuplot.core$run_BANG_.invoke(core.clj:66)
	at gnuplot.core$raw_plot_BANG_.invokeStatic(core.clj:106)
	at gnuplot.core$raw_plot_BANG_.invoke(core.clj:91)
	... 15 common frames omitted
Caused by: java.io.IOException: error=2, No such file or directory
	at java.base/java.lang.ProcessImpl.forkAndExec(Native Method)
	at java.base/java.lang.ProcessImpl.<init>(ProcessImpl.java:340)
	at java.base/java.lang.ProcessImpl.start(ProcessImpl.java:271)
	at java.base/java.lang.ProcessBuilder.start(ProcessBuilder.java:1107)
	... 24 common frames omitted
2023-06-20 13:25:25,318{GMT}	WARN	[clojure-agent-send-off-pool-2] jepsen.checker: Error while checking history:
java.lang.IllegalStateException: Error rendering plot, verify gnuplot is installed and reachable
	at jepsen.checker.perf$plot_BANG_.invokeStatic(perf.clj:489)
	at jepsen.checker.perf$plot_BANG_.invoke(perf.clj:426)
	at jepsen.checker.perf$point_graph_BANG_.invokeStatic(perf.clj:520)
	at jepsen.checker.perf$point_graph_BANG_.invoke(perf.clj:493)
	at jepsen.checker$latency_graph$reify__12098.check(checker.clj:830)
	at jepsen.checker$check_safe.invokeStatic(checker.clj:86)
	at jepsen.checker$check_safe.invoke(checker.clj:79)
	at jepsen.checker$compose$reify__11881$fn__11883.invoke(checker.clj:102)
	at clojure.core$pmap$fn__8552$fn__8553.invoke(core.clj:7089)
	at clojure.core$binding_conveyor_fn$fn__5823.invoke(core.clj:2047)
	at clojure.lang.AFn.call(AFn.java:18)
	at java.base/java.util.concurrent.FutureTask.run(FutureTask.java:264)
	at java.base/java.util.concurrent.ThreadPoolExecutor.runWorker(ThreadPoolExecutor.java:1128)
	at java.base/java.util.concurrent.ThreadPoolExecutor$Worker.run(ThreadPoolExecutor.java:628)
	at java.base/java.lang.Thread.run(Thread.java:834)
Caused by: java.io.IOException: Cannot run program "gnuplot": error=2, No such file or directory
	at java.base/java.lang.ProcessBuilder.start(ProcessBuilder.java:1128)
	at java.base/java.lang.ProcessBuilder.start(ProcessBuilder.java:1071)
	at java.base/java.lang.Runtime.exec(Runtime.java:589)
	at clojure.java.shell$sh.invokeStatic(shell.clj:113)
	at clojure.java.shell$sh.doInvoke(shell.clj:79)
	at clojure.lang.RestFn.invoke(RestFn.java:512)
	at gnuplot.core$run_BANG_.invokeStatic(core.clj:76)
	at gnuplot.core$run_BANG_.invoke(core.clj:66)
	at gnuplot.core$raw_plot_BANG_.invokeStatic(core.clj:106)
	at gnuplot.core$raw_plot_BANG_.invoke(core.clj:91)
	... 15 common frames omitted
Caused by: java.io.IOException: error=2, No such file or directory
	at java.base/java.lang.ProcessImpl.forkAndExec(Native Method)
	at java.base/java.lang.ProcessImpl.<init>(ProcessImpl.java:340)
	at java.base/java.lang.ProcessImpl.start(ProcessImpl.java:271)
	at java.base/java.lang.ProcessBuilder.start(ProcessBuilder.java:1107)
	... 24 common frames omitted
2023-06-20 13:25:25,332{GMT}	INFO	[jepsen test runner] jepsen.core: Analysis complete
2023-06-20 13:25:25,344{GMT}	INFO	[jepsen results] jepsen.store: Wrote /Users/eliasmoreno/work/Eliascm17/rustengan/store/echo/20230620T132513.144-0500/results.edn
2023-06-20 13:25:25,361{GMT}	INFO	[jepsen test runner] jepsen.core: {:perf {:latency-graph {:valid? :unknown,
                        :error "java.lang.IllegalStateException: Error rendering plot, verify gnuplot is installed and reachable\n at jepsen.checker.perf$plot_BANG_.invokeStatic (perf.clj:489)\n    jepsen.checker.perf$plot_BANG_.invoke (perf.clj:426)\n    jepsen.checker.perf$point_graph_BANG_.invokeStatic (perf.clj:520)\n    jepsen.checker.perf$point_graph_BANG_.invoke (perf.clj:493)\n    jepsen.checker$latency_graph$reify__12098.check (checker.clj:830)\n    jepsen.checker$check_safe.invokeStatic (checker.clj:86)\n    jepsen.checker$check_safe.invoke (checker.clj:79)\n    jepsen.checker$compose$reify__11881$fn__11883.invoke (checker.clj:102)\n    clojure.core$pmap$fn__8552$fn__8553.invoke (core.clj:7089)\n    clojure.core$binding_conveyor_fn$fn__5823.invoke (core.clj:2047)\n    clojure.lang.AFn.call (AFn.java:18)\n    java.util.concurrent.FutureTask.run (FutureTask.java:264)\n    java.util.concurrent.ThreadPoolExecutor.runWorker (ThreadPoolExecutor.java:1128)\n    java.util.concurrent.ThreadPoolExecutor$Worker.run (ThreadPoolExecutor.java:628)\n    java.lang.Thread.run (Thread.java:834)\nCaused by: java.io.IOException: Cannot run program \"gnuplot\": error=2, No such file or directory\n at java.lang.ProcessBuilder.start (ProcessBuilder.java:1128)\n    java.lang.ProcessBuilder.start (ProcessBuilder.java:1071)\n    java.lang.Runtime.exec (Runtime.java:589)\n    clojure.java.shell$sh.invokeStatic (shell.clj:113)\n    clojure.java.shell$sh.doInvoke (shell.clj:79)\n    clojure.lang.RestFn.invoke (RestFn.java:512)\n    gnuplot.core$run_BANG_.invokeStatic (core.clj:76)\n    gnuplot.core$run_BANG_.invoke (core.clj:66)\n    gnuplot.core$raw_plot_BANG_.invokeStatic (core.clj:106)\n    gnuplot.core$raw_plot_BANG_.invoke (core.clj:91)\n    jepsen.checker.perf$plot_BANG_.invokeStatic (perf.clj:489)\n    jepsen.checker.perf$plot_BANG_.invoke (perf.clj:426)\n    jepsen.checker.perf$point_graph_BANG_.invokeStatic (perf.clj:520)\n    jepsen.checker.perf$point_graph_BANG_.invoke (perf.clj:493)\n    jepsen.checker$latency_graph$reify__12098.check (checker.clj:830)\n    jepsen.checker$check_safe.invokeStatic (checker.clj:86)\n    jepsen.checker$check_safe.invoke (checker.clj:79)\n    jepsen.checker$compose$reify__11881$fn__11883.invoke (checker.clj:102)\n    clojure.core$pmap$fn__8552$fn__8553.invoke (core.clj:7089)\n    clojure.core$binding_conveyor_fn$fn__5823.invoke (core.clj:2047)\n    clojure.lang.AFn.call (AFn.java:18)\n    java.util.concurrent.FutureTask.run (FutureTask.java:264)\n    java.util.concurrent.ThreadPoolExecutor.runWorker (ThreadPoolExecutor.java:1128)\n    java.util.concurrent.ThreadPoolExecutor$Worker.run (ThreadPoolExecutor.java:628)\n    java.lang.Thread.run (Thread.java:834)\nCaused by: java.io.IOException: error=2, No such file or directory\n at java.lang.ProcessImpl.forkAndExec (ProcessImpl.java:-2)\n    java.lang.ProcessImpl.<init> (ProcessImpl.java:340)\n    java.lang.ProcessImpl.start (ProcessImpl.java:271)\n    java.lang.ProcessBuilder.start (ProcessBuilder.java:1107)\n    java.lang.ProcessBuilder.start (ProcessBuilder.java:1071)\n    java.lang.Runtime.exec (Runtime.java:589)\n    clojure.java.shell$sh.invokeStatic (shell.clj:113)\n    clojure.java.shell$sh.doInvoke (shell.clj:79)\n    clojure.lang.RestFn.invoke (RestFn.java:512)\n    gnuplot.core$run_BANG_.invokeStatic (core.clj:76)\n    gnuplot.core$run_BANG_.invoke (core.clj:66)\n    gnuplot.core$raw_plot_BANG_.invokeStatic (core.clj:106)\n    gnuplot.core$raw_plot_BANG_.invoke (core.clj:91)\n    jepsen.checker.perf$plot_BANG_.invokeStatic (perf.clj:489)\n    jepsen.checker.perf$plot_BANG_.invoke (perf.clj:426)\n    jepsen.checker.perf$point_graph_BANG_.invokeStatic (perf.clj:520)\n    jepsen.checker.perf$point_graph_BANG_.invoke (perf.clj:493)\n    jepsen.checker$latency_graph$reify__12098.check (checker.clj:830)\n    jepsen.checker$check_safe.invokeStatic (checker.clj:86)\n    jepsen.checker$check_safe.invoke (checker.clj:79)\n    jepsen.checker$compose$reify__11881$fn__11883.invoke (checker.clj:102)\n    clojure.core$pmap$fn__8552$fn__8553.invoke (core.clj:7089)\n    clojure.core$binding_conveyor_fn$fn__5823.invoke (core.clj:2047)\n    clojure.lang.AFn.call (AFn.java:18)\n    java.util.concurrent.FutureTask.run (FutureTask.java:264)\n    java.util.concurrent.ThreadPoolExecutor.runWorker (ThreadPoolExecutor.java:1128)\n    java.util.concurrent.ThreadPoolExecutor$Worker.run (ThreadPoolExecutor.java:628)\n    java.lang.Thread.run (Thread.java:834)\n"},
        :rate-graph {:valid? :unknown,
                     :error "java.lang.IllegalStateException: Error rendering plot, verify gnuplot is installed and reachable\n at jepsen.checker.perf$plot_BANG_.invokeStatic (perf.clj:489)\n    jepsen.checker.perf$plot_BANG_.invoke (perf.clj:426)\n    jepsen.checker.perf$rate_graph_BANG_.invokeStatic (perf.clj:623)\n    jepsen.checker.perf$rate_graph_BANG_.invoke (perf.clj:568)\n    jepsen.checker$rate_graph$reify__12101.check (checker.clj:843)\n    jepsen.checker$check_safe.invokeStatic (checker.clj:86)\n    jepsen.checker$check_safe.invoke (checker.clj:79)\n    jepsen.checker$compose$reify__11881$fn__11883.invoke (checker.clj:102)\n    clojure.core$pmap$fn__8552$fn__8553.invoke (core.clj:7089)\n    clojure.core$binding_conveyor_fn$fn__5823.invoke (core.clj:2047)\n    clojure.lang.AFn.call (AFn.java:18)\n    java.util.concurrent.FutureTask.run (FutureTask.java:264)\n    java.util.concurrent.ThreadPoolExecutor.runWorker (ThreadPoolExecutor.java:1128)\n    java.util.concurrent.ThreadPoolExecutor$Worker.run (ThreadPoolExecutor.java:628)\n    java.lang.Thread.run (Thread.java:834)\nCaused by: java.io.IOException: Cannot run program \"gnuplot\": error=2, No such file or directory\n at java.lang.ProcessBuilder.start (ProcessBuilder.java:1128)\n    java.lang.ProcessBuilder.start (ProcessBuilder.java:1071)\n    java.lang.Runtime.exec (Runtime.java:589)\n    clojure.java.shell$sh.invokeStatic (shell.clj:113)\n    clojure.java.shell$sh.doInvoke (shell.clj:79)\n    clojure.lang.RestFn.invoke (RestFn.java:512)\n    gnuplot.core$run_BANG_.invokeStatic (core.clj:76)\n    gnuplot.core$run_BANG_.invoke (core.clj:66)\n    gnuplot.core$raw_plot_BANG_.invokeStatic (core.clj:106)\n    gnuplot.core$raw_plot_BANG_.invoke (core.clj:91)\n    jepsen.checker.perf$plot_BANG_.invokeStatic (perf.clj:489)\n    jepsen.checker.perf$plot_BANG_.invoke (perf.clj:426)\n    jepsen.checker.perf$rate_graph_BANG_.invokeStatic (perf.clj:623)\n    jepsen.checker.perf$rate_graph_BANG_.invoke (perf.clj:568)\n    jepsen.checker$rate_graph$reify__12101.check (checker.clj:843)\n    jepsen.checker$check_safe.invokeStatic (checker.clj:86)\n    jepsen.checker$check_safe.invoke (checker.clj:79)\n    jepsen.checker$compose$reify__11881$fn__11883.invoke (checker.clj:102)\n    clojure.core$pmap$fn__8552$fn__8553.invoke (core.clj:7089)\n    clojure.core$binding_conveyor_fn$fn__5823.invoke (core.clj:2047)\n    clojure.lang.AFn.call (AFn.java:18)\n    java.util.concurrent.FutureTask.run (FutureTask.java:264)\n    java.util.concurrent.ThreadPoolExecutor.runWorker (ThreadPoolExecutor.java:1128)\n    java.util.concurrent.ThreadPoolExecutor$Worker.run (ThreadPoolExecutor.java:628)\n    java.lang.Thread.run (Thread.java:834)\nCaused by: java.io.IOException: error=2, No such file or directory\n at java.lang.ProcessImpl.forkAndExec (ProcessImpl.java:-2)\n    java.lang.ProcessImpl.<init> (ProcessImpl.java:340)\n    java.lang.ProcessImpl.start (ProcessImpl.java:271)\n    java.lang.ProcessBuilder.start (ProcessBuilder.java:1107)\n    java.lang.ProcessBuilder.start (ProcessBuilder.java:1071)\n    java.lang.Runtime.exec (Runtime.java:589)\n    clojure.java.shell$sh.invokeStatic (shell.clj:113)\n    clojure.java.shell$sh.doInvoke (shell.clj:79)\n    clojure.lang.RestFn.invoke (RestFn.java:512)\n    gnuplot.core$run_BANG_.invokeStatic (core.clj:76)\n    gnuplot.core$run_BANG_.invoke (core.clj:66)\n    gnuplot.core$raw_plot_BANG_.invokeStatic (core.clj:106)\n    gnuplot.core$raw_plot_BANG_.invoke (core.clj:91)\n    jepsen.checker.perf$plot_BANG_.invokeStatic (perf.clj:489)\n    jepsen.checker.perf$plot_BANG_.invoke (perf.clj:426)\n    jepsen.checker.perf$rate_graph_BANG_.invokeStatic (perf.clj:623)\n    jepsen.checker.perf$rate_graph_BANG_.invoke (perf.clj:568)\n    jepsen.checker$rate_graph$reify__12101.check (checker.clj:843)\n    jepsen.checker$check_safe.invokeStatic (checker.clj:86)\n    jepsen.checker$check_safe.invoke (checker.clj:79)\n    jepsen.checker$compose$reify__11881$fn__11883.invoke (checker.clj:102)\n    clojure.core$pmap$fn__8552$fn__8553.invoke (core.clj:7089)\n    clojure.core$binding_conveyor_fn$fn__5823.invoke (core.clj:2047)\n    clojure.lang.AFn.call (AFn.java:18)\n    java.util.concurrent.FutureTask.run (FutureTask.java:264)\n    java.util.concurrent.ThreadPoolExecutor.runWorker (ThreadPoolExecutor.java:1128)\n    java.util.concurrent.ThreadPoolExecutor$Worker.run (ThreadPoolExecutor.java:628)\n    java.lang.Thread.run (Thread.java:834)\n"},
        :valid? :unknown},
 :timeline {:valid? true},
 :exceptions {:valid? true},
 :stats {:valid? true,
         :count 53,
         :ok-count 53,
         :fail-count 0,
         :info-count 0,
         :by-f {:echo {:valid? true,
                       :count 53,
                       :ok-count 53,
                       :fail-count 0,
                       :info-count 0}}},
 :availability {:valid? true, :ok-fraction 1.0},
 :net {:all {:send-count 116,
             :recv-count 116,
             :msg-count 116,
             :msgs-per-op 2.1886792},
       :clients {:send-count 116, :recv-count 116, :msg-count 116},
       :servers {:send-count 0,
                 :recv-count 0,
                 :msg-count 0,
                 :msgs-per-op 0.0},
       :valid? true},
 :workload {:valid? true, :errors ()},
 :valid? :unknown}


Errors occurred during analysis, but no anomalies found. ಠ~ಠ
